<?xml version="1.0" encoding="UTF-8"?>
<!-- Generated by org.testng.reporters.JUnitReportReporter -->
<testsuite hostname="DESKTOP-NU8JOOU" failures="0" tests="15" name="test.EolInstructionTest" time="369.141" errors="1" timestamp="2026-06-23T11:37:46 IST" skipped="0">
  <testcase classname="test.EolInstructionTest" name="TC_EOL_027_verifyRecyclabilityPercentageRejectsSpecialCharacters" time="9.317"/>
  <system-out/>
  <testcase classname="test.EolInstructionTest" name="TC_EOL_029_verifyRecyclabilityPercentageGreaterThan100" time="74.836"/>
  <system-out/>
  <testcase classname="test.EolInstructionTest" name="TC_EOL_024_verifyRecyclabilityPercentageMandatory" time="42.802"/>
  <system-out/>
  <testcase classname="test.EolInstructionTest" name="TC_EOL_033_verifyRepairabilityScoreNumeric" time="9.333"/>
  <system-out/>
  <testcase classname="test.EolInstructionTest" name="TC_EOL_036_verifyEaseOfNonDestructiveDisassemblyPercentage" time="10.177"/>
  <system-out/>
  <testcase classname="test.EolInstructionTest" name="TC_EOL_023_verifyPlantMandatoryValidation" time="40.688"/>
  <system-out/>
  <testcase classname="test.EolInstructionTest" name="TC_EOL_026_verifyRecyclabilityPercentageRejectsAlphabets" time="9.196"/>
  <system-out/>
  <testcase classname="test.EolInstructionTest" name="TC_EOL_031_verifyNumberOfDisassemblyProcessesRejectsAlphabets" time="9.020"/>
  <system-out/>
  <testcase classname="test.EolInstructionTest" name="TC_EOL_028_verifyRecyclabilityPercentageRejectsNegativeValue" time="75.561">
    <error message="element click intercepted: Element &lt;input data-slot=&quot;input&quot; class=&quot;file:text-foreground placeholder:text-muted-foreground selection:bg-primary selection:text-primary-foreground dark:bg-input/30 border-input w-full min-w-0 rounded-md bg-transparent px-3 py-1 text-base transition-[color,box-shadow] outline-none file:inline-flex file:h-7 file:border-0 file:bg-transparent file:text-sm file:font-medium disabled:pointer-events-none disabled:cursor-not-allowed disabled:opacity-50 md:text-sm border-[2px] focus-visible:border-gray-400 focus-visible:ring-0 aria-invalid:ring-destructive/20 dark:aria-invalid:ring-destructive/40 aria-invalid:border-destructive h-[42px]&quot; placeholder=&quot;Enter Ease of Non-Destructive Disassembly(in %)&quot; type=&quot;number&quot; value=&quot;&quot;&gt; is not clickable at point (1368, 715). Other element would receive the click: &lt;html lang=&quot;en&quot; data-app-theme=&quot;default&quot;&gt;...&lt;/html&gt;
  (Session info: chrome=149.0.7827.103)
Build info: version: &#039;4.20.0&#039;, revision: &#039;866c76ca80&#039;
System info: os.name: &#039;Windows 11&#039;, os.arch: &#039;amd64&#039;, os.version: &#039;10.0&#039;, java.version: &#039;17.0.12&#039;
Driver info: org.openqa.selenium.chrome.ChromeDriver
Command: [ba880a955358169812cded11102444f8, clickElement {id=f.D462A58A09B89495E97DA14D4F34D08F.d.1D5695999E315907C01586A685087C63.e.139}]
Capabilities {acceptInsecureCerts: false, browserName: chrome, browserVersion: 149.0.7827.103, chrome: {chromedriverVersion: 149.0.7827.155 (07b52360cc1..., userDataDir: C:\Users\admin\AppData\Loca...}, fedcm:accounts: true, goog:chromeOptions: {debuggerAddress: localhost:54557}, goog:processID: 17420, networkConnectionEnabled: false, pageLoadStrategy: normal, platformName: windows, proxy: Proxy(manual, http=localhos..., se:cdp: ws://localhost:54557/devtoo..., se:cdpVersion: 149.0.7827.103, setWindowRect: true, strictFileInteractability: false, timeouts: {implicit: 0, pageLoad: 300000, script: 30000}, unhandledPromptBehavior: dismiss and notify, webauthn:extension:credBlob: true, webauthn:extension:largeBlob: true, webauthn:extension:minPinLength: true, webauthn:extension:prf: true, webauthn:virtualAuthenticators: true}
Element: [[ChromeDriver: chrome on windows (ba880a955358169812cded11102444f8)] -&gt; xpath: //input[contains(@placeholder,&#039;Enter Ease of Non-Destructive Disassembly&#039;)]]
Session ID: ba880a955358169812cded11102444f8" type="org.openqa.selenium.ElementClickInterceptedException">
      <![CDATA[org.openqa.selenium.ElementClickInterceptedException: element click intercepted: Element <input data-slot="input" class="file:text-foreground placeholder:text-muted-foreground selection:bg-primary selection:text-primary-foreground dark:bg-input/30 border-input w-full min-w-0 rounded-md bg-transparent px-3 py-1 text-base transition-[color,box-shadow] outline-none file:inline-flex file:h-7 file:border-0 file:bg-transparent file:text-sm file:font-medium disabled:pointer-events-none disabled:cursor-not-allowed disabled:opacity-50 md:text-sm border-[2px] focus-visible:border-gray-400 focus-visible:ring-0 aria-invalid:ring-destructive/20 dark:aria-invalid:ring-destructive/40 aria-invalid:border-destructive h-[42px]" placeholder="Enter Ease of Non-Destructive Disassembly(in %)" type="number" value=""> is not clickable at point (1368, 715). Other element would receive the click: <html lang="en" data-app-theme="default">...</html>
  (Session info: chrome=149.0.7827.103)
Build info: version: '4.20.0', revision: '866c76ca80'
System info: os.name: 'Windows 11', os.arch: 'amd64', os.version: '10.0', java.version: '17.0.12'
Driver info: org.openqa.selenium.chrome.ChromeDriver
Command: [ba880a955358169812cded11102444f8, clickElement {id=f.D462A58A09B89495E97DA14D4F34D08F.d.1D5695999E315907C01586A685087C63.e.139}]
Capabilities {acceptInsecureCerts: false, browserName: chrome, browserVersion: 149.0.7827.103, chrome: {chromedriverVersion: 149.0.7827.155 (07b52360cc1..., userDataDir: C:\Users\admin\AppData\Loca...}, fedcm:accounts: true, goog:chromeOptions: {debuggerAddress: localhost:54557}, goog:processID: 17420, networkConnectionEnabled: false, pageLoadStrategy: normal, platformName: windows, proxy: Proxy(manual, http=localhos..., se:cdp: ws://localhost:54557/devtoo..., se:cdpVersion: 149.0.7827.103, setWindowRect: true, strictFileInteractability: false, timeouts: {implicit: 0, pageLoad: 300000, script: 30000}, unhandledPromptBehavior: dismiss and notify, webauthn:extension:credBlob: true, webauthn:extension:largeBlob: true, webauthn:extension:minPinLength: true, webauthn:extension:prf: true, webauthn:virtualAuthenticators: true}
Element: [[ChromeDriver: chrome on windows (ba880a955358169812cded11102444f8)] -> xpath: //input[contains(@placeholder,'Enter Ease of Non-Destructive Disassembly')]]
Session ID: ba880a955358169812cded11102444f8
at java.base/jdk.internal.reflect.NativeConstructorAccessorImpl.newInstance0(Native Method)
at java.base/jdk.internal.reflect.NativeConstructorAccessorImpl.newInstance(NativeConstructorAccessorImpl.java:77)
at java.base/jdk.internal.reflect.DelegatingConstructorAccessorImpl.newInstance(DelegatingConstructorAccessorImpl.java:45)
at java.base/java.lang.reflect.Constructor.newInstanceWithCaller(Constructor.java:499)
at java.base/java.lang.reflect.Constructor.newInstance(Constructor.java:480)
at org.openqa.selenium.remote.ErrorCodec.decode(ErrorCodec.java:167)
at org.openqa.selenium.remote.codec.w3c.W3CHttpResponseCodec.decode(W3CHttpResponseCodec.java:138)
at org.openqa.selenium.remote.codec.w3c.W3CHttpResponseCodec.decode(W3CHttpResponseCodec.java:50)
at org.openqa.selenium.remote.HttpCommandExecutor.execute(HttpCommandExecutor.java:190)
at org.openqa.selenium.remote.service.DriverCommandExecutor.invokeExecute(DriverCommandExecutor.java:216)
at org.openqa.selenium.remote.service.DriverCommandExecutor.execute(DriverCommandExecutor.java:174)
at org.openqa.selenium.remote.RemoteWebDriver.execute(RemoteWebDriver.java:518)
at org.openqa.selenium.remote.RemoteWebElement.execute(RemoteWebElement.java:223)
at org.openqa.selenium.remote.RemoteWebElement.click(RemoteWebElement.java:76)
at pages.EolInstructionPage.enterText(EolInstructionPage.java:81)
at pages.EolInstructionPage.fillValidStepOneData(EolInstructionPage.java:370)
at test.EolInstructionTest.TC_EOL_028_verifyRecyclabilityPercentageRejectsNegativeValue(EolInstructionTest.java:330)
at java.base/jdk.internal.reflect.NativeMethodAccessorImpl.invoke0(Native Method)
at java.base/jdk.internal.reflect.NativeMethodAccessorImpl.invoke(NativeMethodAccessorImpl.java:77)
at java.base/jdk.internal.reflect.DelegatingMethodAccessorImpl.invoke(DelegatingMethodAccessorImpl.java:43)
at java.base/java.lang.reflect.Method.invoke(Method.java:568)
at org.testng.internal.invokers.MethodInvocationHelper.invokeMethod(MethodInvocationHelper.java:139)
at org.testng.internal.invokers.TestInvoker.invokeMethod(TestInvoker.java:677)
at org.testng.internal.invokers.TestInvoker.invokeTestMethod(TestInvoker.java:221)
at org.testng.internal.invokers.MethodRunner.runInSequence(MethodRunner.java:50)
at org.testng.internal.invokers.TestInvoker$MethodInvocationAgent.invoke(TestInvoker.java:969)
at org.testng.internal.invokers.TestInvoker.invokeTestMethods(TestInvoker.java:194)
at org.testng.internal.invokers.TestMethodWorker.invokeTestMethods(TestMethodWorker.java:148)
at org.testng.internal.invokers.TestMethodWorker.run(TestMethodWorker.java:128)
at java.base/java.util.ArrayList.forEach(ArrayList.java:1511)
at org.testng.TestRunner.privateRun(TestRunner.java:829)
at org.testng.TestRunner.run(TestRunner.java:602)
at org.testng.SuiteRunner.runTest(SuiteRunner.java:437)
at org.testng.SuiteRunner.runSequentially(SuiteRunner.java:431)
at org.testng.SuiteRunner.privateRun(SuiteRunner.java:391)
at org.testng.SuiteRunner.run(SuiteRunner.java:330)
at org.testng.SuiteRunnerWorker.runSuite(SuiteRunnerWorker.java:52)
at org.testng.SuiteRunnerWorker.run(SuiteRunnerWorker.java:95)
at org.testng.TestNG.runSuitesSequentially(TestNG.java:1256)
at org.testng.TestNG.runSuitesLocally(TestNG.java:1176)
at org.testng.TestNG.runSuites(TestNG.java:1099)
at org.testng.TestNG.run(TestNG.java:1067)
at org.apache.maven.surefire.testng.TestNGExecutor.run(TestNGExecutor.java:155)
at org.apache.maven.surefire.testng.TestNGDirectoryTestSuite.executeSingleClass(TestNGDirectoryTestSuite.java:102)
at org.apache.maven.surefire.testng.TestNGDirectoryTestSuite.execute(TestNGDirectoryTestSuite.java:91)
at org.apache.maven.surefire.testng.TestNGProvider.invoke(TestNGProvider.java:137)
at org.apache.maven.surefire.booter.ForkedBooter.runSuitesInProcess(ForkedBooter.java:385)
at org.apache.maven.surefire.booter.ForkedBooter.execute(ForkedBooter.java:162)
at org.apache.maven.surefire.booter.ForkedBooter.run(ForkedBooter.java:507)
at org.apache.maven.surefire.booter.ForkedBooter.main(ForkedBooter.java:495)
]]>
    </error>
  </testcase> <!-- TC_EOL_028_verifyRecyclabilityPercentageRejectsNegativeValue -->
  <system-out/>
  <testcase classname="test.EolInstructionTest" name="TC_EOL_034_verifyDurabilityScoreNumeric" time="9.704"/>
  <system-out/>
  <testcase classname="test.EolInstructionTest" name="TC_EOL_030_verifyNumberOfDisassemblyProcessesNumeric" time="9.203"/>
  <system-out/>
  <testcase classname="test.EolInstructionTest" name="TC_EOL_022_verifyOrganizationMandatoryValidation" time="39.475"/>
  <system-out/>
  <testcase classname="test.EolInstructionTest" name="TC_EOL_032_verifyNumberOfToolsRequiredNumeric" time="10.899"/>
  <system-out/>
  <testcase classname="test.EolInstructionTest" name="TC_EOL_035_verifySparePartDeliveryTimeNumeric" time="9.482"/>
  <system-out/>
  <testcase classname="test.EolInstructionTest" name="TC_EOL_025_verifyRecyclabilityPercentageNumericValue" time="9.448"/>
  <system-out/>
</testsuite> <!-- test.EolInstructionTest -->
