<?xml version="1.0" encoding="UTF-8"?>
<!-- Generated by org.testng.reporters.JUnitReportReporter -->
<testsuite hostname="DESKTOP-NU8JOOU" failures="0" tests="13" name="test.BatchImpactCalculatorTest" time="189.338" errors="0" timestamp="2026-06-22T18:06:25 IST" skipped="0">
  <testcase classname="test.BatchImpactCalculatorTest" name="TC_CALC_021_verifyElectricityUsedMandatoryValidation" time="14.297"/>
  <system-out/>
  <testcase classname="test.BatchImpactCalculatorTest" name="TC_CALC_022_verifyWasteGeneratedMandatoryValidation" time="13.749"/>
  <system-out/>
  <testcase classname="test.BatchImpactCalculatorTest" name="TC_CALC_030_verifyNegativeWaterUsedValue" time="14.405"/>
  <system-out/>
  <testcase classname="test.BatchImpactCalculatorTest" name="TC_CALC_026_verifyPlasticWasteMandatoryValidation" time="14.403"/>
  <system-out/>
  <testcase classname="test.BatchImpactCalculatorTest" name="TC_CALC_023_verifyAirEmissionMandatoryValidation" time="24.811"/>
  <system-out/>
  <testcase classname="test.BatchImpactCalculatorTest" name="TC_CALC_027_verifyWaterUsedAcceptsNumericValues" time="11.311"/>
  <system-out/>
  <testcase classname="test.BatchImpactCalculatorTest" name="TC_CALC_018_verifyWaterTypeMandatoryValidation" time="16.241"/>
  <system-out/>
  <testcase classname="test.BatchImpactCalculatorTest" name="TC_CALC_020_verifyTotalWaterUsedMandatoryValidation" time="15.091"/>
  <system-out/>
  <testcase classname="test.BatchImpactCalculatorTest" name="TC_CALC_025_verifySoilEmissionMandatoryValidation" time="13.423"/>
  <system-out/>
  <testcase classname="test.BatchImpactCalculatorTest" name="TC_CALC_029_verifyWaterUsedRejectsSpecialCharacters" time="11.437"/>
  <system-out/>
  <testcase classname="test.BatchImpactCalculatorTest" name="TC_CALC_019_verifyWasteTypeMandatoryValidation" time="12.790"/>
  <system-out/>
  <testcase classname="test.BatchImpactCalculatorTest" name="TC_CALC_024_verifyNoiseEmissionMandatoryValidation" time="14.975"/>
  <system-out/>
  <testcase classname="test.BatchImpactCalculatorTest" name="TC_CALC_028_verifyWaterUsedRejectsAlphabets" time="12.405"/>
  <system-out/>
</testsuite> <!-- test.BatchImpactCalculatorTest -->
