<?xml version="1.0" encoding="UTF-8"?>
<testng-results ignored="21" total="36" passed="14" failed="1" skipped="0">
  <reporter-output>
  </reporter-output>
  <suite started-at="2026-06-23T11:31:37 IST" name="Surefire suite" finished-at="2026-06-23T11:37:46 IST" duration-ms="369237">
    <groups>
    </groups>
    <test started-at="2026-06-23T11:31:37 IST" name="Surefire test" finished-at="2026-06-23T11:37:46 IST" duration-ms="369237">
      <class name="test.EolInstructionTest">
        <test-method is-config="true" signature="setup()[pri:0, instance:test.EolInstructionTest@60d8c9b7]" started-at="2026-06-23T11:31:37 IST" name="setup" finished-at="2026-06-23T11:31:39 IST" duration-ms="2221" status="PASS">
          <reporter-output>
          </reporter-output>
        </test-method> <!-- setup -->
        <test-method is-config="true" signature="openEolPage()[pri:0, instance:test.EolInstructionTest@60d8c9b7]" started-at="2026-06-23T11:31:39 IST" name="openEolPage" finished-at="2026-06-23T11:31:45 IST" duration-ms="6051" status="PASS">
          <reporter-output>
          </reporter-output>
        </test-method> <!-- openEolPage -->
        <test-method signature="TC_EOL_022_verifyOrganizationMandatoryValidation()[pri:0, instance:test.EolInstructionTest@60d8c9b7]" started-at="2026-06-23T11:31:45 IST" name="TC_EOL_022_verifyOrganizationMandatoryValidation" finished-at="2026-06-23T11:32:15 IST" duration-ms="30255" status="PASS">
          <reporter-output>
          </reporter-output>
        </test-method> <!-- TC_EOL_022_verifyOrganizationMandatoryValidation -->
        <test-method is-config="true" signature="tearDown()[pri:0, instance:test.EolInstructionTest@60d8c9b7]" started-at="2026-06-23T11:32:15 IST" name="tearDown" finished-at="2026-06-23T11:32:17 IST" duration-ms="2261" status="PASS">
          <reporter-output>
          </reporter-output>
        </test-method> <!-- tearDown -->
        <test-method is-config="true" signature="setup()[pri:0, instance:test.EolInstructionTest@60d8c9b7]" started-at="2026-06-23T11:32:17 IST" name="setup" finished-at="2026-06-23T11:32:18 IST" duration-ms="869" status="PASS">
          <reporter-output>
          </reporter-output>
        </test-method> <!-- setup -->
        <test-method is-config="true" signature="openEolPage()[pri:0, instance:test.EolInstructionTest@60d8c9b7]" started-at="2026-06-23T11:32:18 IST" name="openEolPage" finished-at="2026-06-23T11:32:24 IST" duration-ms="5733" status="PASS">
          <reporter-output>
          </reporter-output>
        </test-method> <!-- openEolPage -->
        <test-method signature="TC_EOL_023_verifyPlantMandatoryValidation()[pri:0, instance:test.EolInstructionTest@60d8c9b7]" started-at="2026-06-23T11:32:24 IST" name="TC_EOL_023_verifyPlantMandatoryValidation" finished-at="2026-06-23T11:32:56 IST" duration-ms="31747" status="PASS">
          <reporter-output>
          </reporter-output>
        </test-method> <!-- TC_EOL_023_verifyPlantMandatoryValidation -->
        <test-method is-config="true" signature="tearDown()[pri:0, instance:test.EolInstructionTest@60d8c9b7]" started-at="2026-06-23T11:32:56 IST" name="tearDown" finished-at="2026-06-23T11:32:58 IST" duration-ms="2248" status="PASS">
          <reporter-output>
          </reporter-output>
        </test-method> <!-- tearDown -->
        <test-method is-config="true" signature="setup()[pri:0, instance:test.EolInstructionTest@60d8c9b7]" started-at="2026-06-23T11:32:58 IST" name="setup" finished-at="2026-06-23T11:32:59 IST" duration-ms="1135" status="PASS">
          <reporter-output>
          </reporter-output>
        </test-method> <!-- setup -->
        <test-method is-config="true" signature="openEolPage()[pri:0, instance:test.EolInstructionTest@60d8c9b7]" started-at="2026-06-23T11:32:59 IST" name="openEolPage" finished-at="2026-06-23T11:33:05 IST" duration-ms="5663" status="PASS">
          <reporter-output>
          </reporter-output>
        </test-method> <!-- openEolPage -->
        <test-method signature="TC_EOL_024_verifyRecyclabilityPercentageMandatory()[pri:0, instance:test.EolInstructionTest@60d8c9b7]" started-at="2026-06-23T11:33:05 IST" name="TC_EOL_024_verifyRecyclabilityPercentageMandatory" finished-at="2026-06-23T11:33:38 IST" duration-ms="33485" status="PASS">
          <reporter-output>
          </reporter-output>
        </test-method> <!-- TC_EOL_024_verifyRecyclabilityPercentageMandatory -->
        <test-method is-config="true" signature="tearDown()[pri:0, instance:test.EolInstructionTest@60d8c9b7]" started-at="2026-06-23T11:33:38 IST" name="tearDown" finished-at="2026-06-23T11:33:41 IST" duration-ms="2289" status="PASS">
          <reporter-output>
          </reporter-output>
        </test-method> <!-- tearDown -->
        <test-method is-config="true" signature="setup()[pri:0, instance:test.EolInstructionTest@60d8c9b7]" started-at="2026-06-23T11:33:41 IST" name="setup" finished-at="2026-06-23T11:33:41 IST" duration-ms="794" status="PASS">
          <reporter-output>
          </reporter-output>
        </test-method> <!-- setup -->
        <test-method is-config="true" signature="openEolPage()[pri:0, instance:test.EolInstructionTest@60d8c9b7]" started-at="2026-06-23T11:33:41 IST" name="openEolPage" finished-at="2026-06-23T11:33:47 IST" duration-ms="5632" status="PASS">
          <reporter-output>
          </reporter-output>
        </test-method> <!-- openEolPage -->
        <test-method signature="TC_EOL_025_verifyRecyclabilityPercentageNumericValue()[pri:0, instance:test.EolInstructionTest@60d8c9b7]" started-at="2026-06-23T11:33:47 IST" name="TC_EOL_025_verifyRecyclabilityPercentageNumericValue" finished-at="2026-06-23T11:33:47 IST" duration-ms="328" status="PASS">
          <reporter-output>
          </reporter-output>
        </test-method> <!-- TC_EOL_025_verifyRecyclabilityPercentageNumericValue -->
        <test-method is-config="true" signature="tearDown()[pri:0, instance:test.EolInstructionTest@60d8c9b7]" started-at="2026-06-23T11:33:47 IST" name="tearDown" finished-at="2026-06-23T11:33:50 IST" duration-ms="2306" status="PASS">
          <reporter-output>
          </reporter-output>
        </test-method> <!-- tearDown -->
        <test-method is-config="true" signature="setup()[pri:0, instance:test.EolInstructionTest@60d8c9b7]" started-at="2026-06-23T11:33:50 IST" name="setup" finished-at="2026-06-23T11:33:51 IST" duration-ms="957" status="PASS">
          <reporter-output>
          </reporter-output>
        </test-method> <!-- setup -->
        <test-method is-config="true" signature="openEolPage()[pri:0, instance:test.EolInstructionTest@60d8c9b7]" started-at="2026-06-23T11:33:51 IST" name="openEolPage" finished-at="2026-06-23T11:33:56 IST" duration-ms="5765" status="PASS">
          <reporter-output>
          </reporter-output>
        </test-method> <!-- openEolPage -->
        <test-method signature="TC_EOL_026_verifyRecyclabilityPercentageRejectsAlphabets()[pri:0, instance:test.EolInstructionTest@60d8c9b7]" started-at="2026-06-23T11:33:56 IST" name="TC_EOL_026_verifyRecyclabilityPercentageRejectsAlphabets" finished-at="2026-06-23T11:33:57 IST" duration-ms="163" status="PASS">
          <reporter-output>
          </reporter-output>
        </test-method> <!-- TC_EOL_026_verifyRecyclabilityPercentageRejectsAlphabets -->
        <test-method is-config="true" signature="tearDown()[pri:0, instance:test.EolInstructionTest@60d8c9b7]" started-at="2026-06-23T11:33:57 IST" name="tearDown" finished-at="2026-06-23T11:33:59 IST" duration-ms="2343" status="PASS">
          <reporter-output>
          </reporter-output>
        </test-method> <!-- tearDown -->
        <test-method is-config="true" signature="setup()[pri:0, instance:test.EolInstructionTest@60d8c9b7]" started-at="2026-06-23T11:33:59 IST" name="setup" finished-at="2026-06-23T11:34:00 IST" duration-ms="915" status="PASS">
          <reporter-output>
          </reporter-output>
        </test-method> <!-- setup -->
        <test-method is-config="true" signature="openEolPage()[pri:0, instance:test.EolInstructionTest@60d8c9b7]" started-at="2026-06-23T11:34:00 IST" name="openEolPage" finished-at="2026-06-23T11:34:06 IST" duration-ms="5846" status="PASS">
          <reporter-output>
          </reporter-output>
        </test-method> <!-- openEolPage -->
        <test-method signature="TC_EOL_027_verifyRecyclabilityPercentageRejectsSpecialCharacters()[pri:0, instance:test.EolInstructionTest@60d8c9b7]" started-at="2026-06-23T11:34:06 IST" name="TC_EOL_027_verifyRecyclabilityPercentageRejectsSpecialCharacters" finished-at="2026-06-23T11:34:06 IST" duration-ms="307" status="PASS">
          <reporter-output>
          </reporter-output>
        </test-method> <!-- TC_EOL_027_verifyRecyclabilityPercentageRejectsSpecialCharacters -->
        <test-method is-config="true" signature="tearDown()[pri:0, instance:test.EolInstructionTest@60d8c9b7]" started-at="2026-06-23T11:34:06 IST" name="tearDown" finished-at="2026-06-23T11:34:08 IST" duration-ms="2364" status="PASS">
          <reporter-output>
          </reporter-output>
        </test-method> <!-- tearDown -->
        <test-method is-config="true" signature="setup()[pri:0, instance:test.EolInstructionTest@60d8c9b7]" started-at="2026-06-23T11:34:08 IST" name="setup" finished-at="2026-06-23T11:34:09 IST" duration-ms="877" status="PASS">
          <reporter-output>
          </reporter-output>
        </test-method> <!-- setup -->
        <test-method is-config="true" signature="openEolPage()[pri:0, instance:test.EolInstructionTest@60d8c9b7]" started-at="2026-06-23T11:34:09 IST" name="openEolPage" finished-at="2026-06-23T11:34:15 IST" duration-ms="5824" status="PASS">
          <reporter-output>
          </reporter-output>
        </test-method> <!-- openEolPage -->
        <test-method signature="TC_EOL_028_verifyRecyclabilityPercentageRejectsNegativeValue()[pri:0, instance:test.EolInstructionTest@60d8c9b7]" started-at="2026-06-23T11:34:15 IST" name="TC_EOL_028_verifyRecyclabilityPercentageRejectsNegativeValue" finished-at="2026-06-23T11:35:21 IST" duration-ms="66440" status="FAIL">
          <exception class="org.openqa.selenium.ElementClickInterceptedException">
            <message>
              <![CDATA[element click intercepted: Element <input data-slot="input" class="file:text-foreground placeholder:text-muted-foreground selection:bg-primary selection:text-primary-foreground dark:bg-input/30 border-input w-full min-w-0 rounded-md bg-transparent px-3 py-1 text-base transition-[color,box-shadow] outline-none file:inline-flex file:h-7 file:border-0 file:bg-transparent file:text-sm file:font-medium disabled:pointer-events-none disabled:cursor-not-allowed disabled:opacity-50 md:text-sm border-[2px] focus-visible:border-gray-400 focus-visible:ring-0 aria-invalid:ring-destructive/20 dark:aria-invalid:ring-destructive/40 aria-invalid:border-destructive h-[42px]" placeholder="Enter Ease of Non-Destructive Disassembly(in %)" type="number" value=""> is not clickable at point (1368, 715). Other element would receive the click: <html lang="en" data-app-theme="default">...</html>
  (Session info: chrome=149.0.7827.103)
Build info: version: '4.20.0', revision: '866c76ca80'
System info: os.name: 'Windows 11', os.arch: 'amd64', os.version: '10.0', java.version: '17.0.12'
Driver info: org.openqa.selenium.chrome.ChromeDriver
Command: [ba880a955358169812cded11102444f8, clickElement {id=f.D462A58A09B89495E97DA14D4F34D08F.d.1D5695999E315907C01586A685087C63.e.139}]
Capabilities {acceptInsecureCerts: false, browserName: chrome, browserVersion: 149.0.7827.103, chrome: {chromedriverVersion: 149.0.7827.155 (07b52360cc1..., userDataDir: C:\Users\admin\AppData\Loca...}, fedcm:accounts: true, goog:chromeOptions: {debuggerAddress: localhost:54557}, goog:processID: 17420, networkConnectionEnabled: false, pageLoadStrategy: normal, platformName: windows, proxy: Proxy(manual, http=localhos..., se:cdp: ws://localhost:54557/devtoo..., se:cdpVersion: 149.0.7827.103, setWindowRect: true, strictFileInteractability: false, timeouts: {implicit: 0, pageLoad: 300000, script: 30000}, unhandledPromptBehavior: dismiss and notify, webauthn:extension:credBlob: true, webauthn:extension:largeBlob: true, webauthn:extension:minPinLength: true, webauthn:extension:prf: true, webauthn:virtualAuthenticators: true}
Element: [[ChromeDriver: chrome on windows (ba880a955358169812cded11102444f8)] -> xpath: //input[contains(@placeholder,'Enter Ease of Non-Destructive Disassembly')]]
Session ID: ba880a955358169812cded11102444f8]]>
            </message>
            <full-stacktrace>
              <![CDATA[org.openqa.selenium.ElementClickInterceptedException: element click intercepted: Element <input data-slot="input" class="file:text-foreground placeholder:text-muted-foreground selection:bg-primary selection:text-primary-foreground dark:bg-input/30 border-input w-full min-w-0 rounded-md bg-transparent px-3 py-1 text-base transition-[color,box-shadow] outline-none file:inline-flex file:h-7 file:border-0 file:bg-transparent file:text-sm file:font-medium disabled:pointer-events-none disabled:cursor-not-allowed disabled:opacity-50 md:text-sm border-[2px] focus-visible:border-gray-400 focus-visible:ring-0 aria-invalid:ring-destructive/20 dark:aria-invalid:ring-destructive/40 aria-invalid:border-destructive h-[42px]" placeholder="Enter Ease of Non-Destructive Disassembly(in %)" type="number" value=""> is not clickable at point (1368, 715). Other element would receive the click: <html lang="en" data-app-theme="default">...</html>
  (Session info: chrome=149.0.7827.103)
Build info: version: '4.20.0', revision: '866c76ca80'
System info: os.name: 'Windows 11', os.arch: 'amd64', os.version: '10.0', java.version: '17.0.12'
Driver info: org.openqa.selenium.chrome.ChromeDriver
Command: [ba880a955358169812cded11102444f8, clickElement {id=f.D462A58A09B89495E97DA14D4F34D08F.d.1D5695999E315907C01586A685087C63.e.139}]
Capabilities {acceptInsecureCerts: false, browserName: chrome, browserVersion: 149.0.7827.103, chrome: {chromedriverVersion: 149.0.7827.155 (07b52360cc1..., userDataDir: C:\Users\admin\AppData\Loca...}, fedcm:accounts: true, goog:chromeOptions: {debuggerAddress: localhost:54557}, goog:processID: 17420, networkConnectionEnabled: false, pageLoadStrategy: normal, platformName: windows, proxy: Proxy(manual, http=localhos..., se:cdp: ws://localhost:54557/devtoo..., se:cdpVersion: 149.0.7827.103, setWindowRect: true, strictFileInteractability: false, timeouts: {implicit: 0, pageLoad: 300000, script: 30000}, unhandledPromptBehavior: dismiss and notify, webauthn:extension:credBlob: true, webauthn:extension:largeBlob: true, webauthn:extension:minPinLength: true, webauthn:extension:prf: true, webauthn:virtualAuthenticators: true}
Element: [[ChromeDriver: chrome on windows (ba880a955358169812cded11102444f8)] -> xpath: //input[contains(@placeholder,'Enter Ease of Non-Destructive Disassembly')]]
Session ID: ba880a955358169812cded11102444f8
at java.base/jdk.internal.reflect.NativeConstructorAccessorImpl.newInstance0(Native Method)
at java.base/jdk.internal.reflect.NativeConstructorAccessorImpl.newInstance(NativeConstructorAccessorImpl.java:77)
at java.base/jdk.internal.reflect.DelegatingConstructorAccessorImpl.newInstance(DelegatingConstructorAccessorImpl.java:45)
at java.base/java.lang.reflect.Constructor.newInstanceWithCaller(Constructor.java:499)
at java.base/java.lang.reflect.Constructor.newInstance(Constructor.java:480)
at org.openqa.selenium.remote.ErrorCodec.decode(ErrorCodec.java:167)
at org.openqa.selenium.remote.codec.w3c.W3CHttpResponseCodec.decode(W3CHttpResponseCodec.java:138)
at org.openqa.selenium.remote.codec.w3c.W3CHttpResponseCodec.decode(W3CHttpResponseCodec.java:50)
at org.openqa.selenium.remote.HttpCommandExecutor.execute(HttpCommandExecutor.java:190)
at org.openqa.selenium.remote.service.DriverCommandExecutor.invokeExecute(DriverCommandExecutor.java:216)
at org.openqa.selenium.remote.service.DriverCommandExecutor.execute(DriverCommandExecutor.java:174)
at org.openqa.selenium.remote.RemoteWebDriver.execute(RemoteWebDriver.java:518)
at org.openqa.selenium.remote.RemoteWebElement.execute(RemoteWebElement.java:223)
at org.openqa.selenium.remote.RemoteWebElement.click(RemoteWebElement.java:76)
at pages.EolInstructionPage.enterText(EolInstructionPage.java:81)
at pages.EolInstructionPage.fillValidStepOneData(EolInstructionPage.java:370)
at test.EolInstructionTest.TC_EOL_028_verifyRecyclabilityPercentageRejectsNegativeValue(EolInstructionTest.java:330)
at java.base/jdk.internal.reflect.NativeMethodAccessorImpl.invoke0(Native Method)
at java.base/jdk.internal.reflect.NativeMethodAccessorImpl.invoke(NativeMethodAccessorImpl.java:77)
at java.base/jdk.internal.reflect.DelegatingMethodAccessorImpl.invoke(DelegatingMethodAccessorImpl.java:43)
at java.base/java.lang.reflect.Method.invoke(Method.java:568)
at org.testng.internal.invokers.MethodInvocationHelper.invokeMethod(MethodInvocationHelper.java:139)
at org.testng.internal.invokers.TestInvoker.invokeMethod(TestInvoker.java:677)
at org.testng.internal.invokers.TestInvoker.invokeTestMethod(TestInvoker.java:221)
at org.testng.internal.invokers.MethodRunner.runInSequence(MethodRunner.java:50)
at org.testng.internal.invokers.TestInvoker$MethodInvocationAgent.invoke(TestInvoker.java:969)
at org.testng.internal.invokers.TestInvoker.invokeTestMethods(TestInvoker.java:194)
at org.testng.internal.invokers.TestMethodWorker.invokeTestMethods(TestMethodWorker.java:148)
at org.testng.internal.invokers.TestMethodWorker.run(TestMethodWorker.java:128)
at java.base/java.util.ArrayList.forEach(ArrayList.java:1511)
at org.testng.TestRunner.privateRun(TestRunner.java:829)
at org.testng.TestRunner.run(TestRunner.java:602)
at org.testng.SuiteRunner.runTest(SuiteRunner.java:437)
at org.testng.SuiteRunner.runSequentially(SuiteRunner.java:431)
at org.testng.SuiteRunner.privateRun(SuiteRunner.java:391)
at org.testng.SuiteRunner.run(SuiteRunner.java:330)
at org.testng.SuiteRunnerWorker.runSuite(SuiteRunnerWorker.java:52)
at org.testng.SuiteRunnerWorker.run(SuiteRunnerWorker.java:95)
at org.testng.TestNG.runSuitesSequentially(TestNG.java:1256)
at org.testng.TestNG.runSuitesLocally(TestNG.java:1176)
at org.testng.TestNG.runSuites(TestNG.java:1099)
at org.testng.TestNG.run(TestNG.java:1067)
at org.apache.maven.surefire.testng.TestNGExecutor.run(TestNGExecutor.java:155)
at org.apache.maven.surefire.testng.TestNGDirectoryTestSuite.executeSingleClass(TestNGDirectoryTestSuite.java:102)
at org.apache.maven.surefire.testng.TestNGDirectoryTestSuite.execute(TestNGDirectoryTestSuite.java:91)
at org.apache.maven.surefire.testng.TestNGProvider.invoke(TestNGProvider.java:137)
at org.apache.maven.surefire.booter.ForkedBooter.runSuitesInProcess(ForkedBooter.java:385)
at org.apache.maven.surefire.booter.ForkedBooter.execute(ForkedBooter.java:162)
at org.apache.maven.surefire.booter.ForkedBooter.run(ForkedBooter.java:507)
at org.apache.maven.surefire.booter.ForkedBooter.main(ForkedBooter.java:495)
]]>
            </full-stacktrace>
          </exception> <!-- org.openqa.selenium.ElementClickInterceptedException -->
          <reporter-output>
          </reporter-output>
        </test-method> <!-- TC_EOL_028_verifyRecyclabilityPercentageRejectsNegativeValue -->
        <test-method is-config="true" signature="tearDown()[pri:0, instance:test.EolInstructionTest@60d8c9b7]" started-at="2026-06-23T11:35:21 IST" name="tearDown" finished-at="2026-06-23T11:35:24 IST" duration-ms="2285" status="PASS">
          <reporter-output>
          </reporter-output>
        </test-method> <!-- tearDown -->
        <test-method is-config="true" signature="setup()[pri:0, instance:test.EolInstructionTest@60d8c9b7]" started-at="2026-06-23T11:35:24 IST" name="setup" finished-at="2026-06-23T11:35:25 IST" duration-ms="977" status="PASS">
          <reporter-output>
          </reporter-output>
        </test-method> <!-- setup -->
        <test-method is-config="true" signature="openEolPage()[pri:0, instance:test.EolInstructionTest@60d8c9b7]" started-at="2026-06-23T11:35:25 IST" name="openEolPage" finished-at="2026-06-23T11:35:31 IST" duration-ms="6672" status="PASS">
          <reporter-output>
          </reporter-output>
        </test-method> <!-- openEolPage -->
        <test-method signature="TC_EOL_029_verifyRecyclabilityPercentageGreaterThan100()[pri:0, instance:test.EolInstructionTest@60d8c9b7]" started-at="2026-06-23T11:35:31 IST" name="TC_EOL_029_verifyRecyclabilityPercentageGreaterThan100" finished-at="2026-06-23T11:36:37 IST" duration-ms="65607" status="PASS">
          <reporter-output>
          </reporter-output>
        </test-method> <!-- TC_EOL_029_verifyRecyclabilityPercentageGreaterThan100 -->
        <test-method is-config="true" signature="tearDown()[pri:0, instance:test.EolInstructionTest@60d8c9b7]" started-at="2026-06-23T11:36:37 IST" name="tearDown" finished-at="2026-06-23T11:36:39 IST" duration-ms="2277" status="PASS">
          <reporter-output>
          </reporter-output>
        </test-method> <!-- tearDown -->
        <test-method is-config="true" signature="setup()[pri:0, instance:test.EolInstructionTest@60d8c9b7]" started-at="2026-06-23T11:36:39 IST" name="setup" finished-at="2026-06-23T11:36:40 IST" duration-ms="1150" status="PASS">
          <reporter-output>
          </reporter-output>
        </test-method> <!-- setup -->
        <test-method is-config="true" signature="openEolPage()[pri:0, instance:test.EolInstructionTest@60d8c9b7]" started-at="2026-06-23T11:36:40 IST" name="openEolPage" finished-at="2026-06-23T11:36:46 IST" duration-ms="5794" status="PASS">
          <reporter-output>
          </reporter-output>
        </test-method> <!-- openEolPage -->
        <test-method signature="TC_EOL_030_verifyNumberOfDisassemblyProcessesNumeric()[pri:0, instance:test.EolInstructionTest@60d8c9b7]" started-at="2026-06-23T11:36:46 IST" name="TC_EOL_030_verifyNumberOfDisassemblyProcessesNumeric" finished-at="2026-06-23T11:36:46 IST" duration-ms="217" status="PASS">
          <reporter-output>
          </reporter-output>
        </test-method> <!-- TC_EOL_030_verifyNumberOfDisassemblyProcessesNumeric -->
        <test-method is-config="true" signature="tearDown()[pri:0, instance:test.EolInstructionTest@60d8c9b7]" started-at="2026-06-23T11:36:46 IST" name="tearDown" finished-at="2026-06-23T11:36:49 IST" duration-ms="2374" status="PASS">
          <reporter-output>
          </reporter-output>
        </test-method> <!-- tearDown -->
        <test-method is-config="true" signature="setup()[pri:0, instance:test.EolInstructionTest@60d8c9b7]" started-at="2026-06-23T11:36:49 IST" name="setup" finished-at="2026-06-23T11:36:50 IST" duration-ms="977" status="PASS">
          <reporter-output>
          </reporter-output>
        </test-method> <!-- setup -->
        <test-method is-config="true" signature="openEolPage()[pri:0, instance:test.EolInstructionTest@60d8c9b7]" started-at="2026-06-23T11:36:50 IST" name="openEolPage" finished-at="2026-06-23T11:36:56 IST" duration-ms="5779" status="PASS">
          <reporter-output>
          </reporter-output>
        </test-method> <!-- openEolPage -->
        <test-method signature="TC_EOL_031_verifyNumberOfDisassemblyProcessesRejectsAlphabets()[pri:0, instance:test.EolInstructionTest@60d8c9b7]" started-at="2026-06-23T11:36:56 IST" name="TC_EOL_031_verifyNumberOfDisassemblyProcessesRejectsAlphabets" finished-at="2026-06-23T11:36:56 IST" duration-ms="203" status="PASS">
          <reporter-output>
          </reporter-output>
        </test-method> <!-- TC_EOL_031_verifyNumberOfDisassemblyProcessesRejectsAlphabets -->
        <test-method is-config="true" signature="tearDown()[pri:0, instance:test.EolInstructionTest@60d8c9b7]" started-at="2026-06-23T11:36:56 IST" name="tearDown" finished-at="2026-06-23T11:36:58 IST" duration-ms="2375" status="PASS">
          <reporter-output>
          </reporter-output>
        </test-method> <!-- tearDown -->
        <test-method is-config="true" signature="setup()[pri:0, instance:test.EolInstructionTest@60d8c9b7]" started-at="2026-06-23T11:36:58 IST" name="setup" finished-at="2026-06-23T11:36:59 IST" duration-ms="938" status="PASS">
          <reporter-output>
          </reporter-output>
        </test-method> <!-- setup -->
        <test-method is-config="true" signature="openEolPage()[pri:0, instance:test.EolInstructionTest@60d8c9b7]" started-at="2026-06-23T11:36:59 IST" name="openEolPage" finished-at="2026-06-23T11:37:05 IST" duration-ms="6068" status="PASS">
          <reporter-output>
          </reporter-output>
        </test-method> <!-- openEolPage -->
        <test-method signature="TC_EOL_032_verifyNumberOfToolsRequiredNumeric()[pri:0, instance:test.EolInstructionTest@60d8c9b7]" started-at="2026-06-23T11:37:05 IST" name="TC_EOL_032_verifyNumberOfToolsRequiredNumeric" finished-at="2026-06-23T11:37:05 IST" duration-ms="269" status="PASS">
          <reporter-output>
          </reporter-output>
        </test-method> <!-- TC_EOL_032_verifyNumberOfToolsRequiredNumeric -->
        <test-method is-config="true" signature="tearDown()[pri:0, instance:test.EolInstructionTest@60d8c9b7]" started-at="2026-06-23T11:37:05 IST" name="tearDown" finished-at="2026-06-23T11:37:08 IST" duration-ms="2447" status="PASS">
          <reporter-output>
          </reporter-output>
        </test-method> <!-- tearDown -->
        <test-method is-config="true" signature="setup()[pri:0, instance:test.EolInstructionTest@60d8c9b7]" started-at="2026-06-23T11:37:08 IST" name="setup" finished-at="2026-06-23T11:37:09 IST" duration-ms="828" status="PASS">
          <reporter-output>
          </reporter-output>
        </test-method> <!-- setup -->
        <test-method is-config="true" signature="openEolPage()[pri:0, instance:test.EolInstructionTest@60d8c9b7]" started-at="2026-06-23T11:37:09 IST" name="openEolPage" finished-at="2026-06-23T11:37:15 IST" duration-ms="5782" status="PASS">
          <reporter-output>
          </reporter-output>
        </test-method> <!-- openEolPage -->
        <test-method signature="TC_EOL_033_verifyRepairabilityScoreNumeric()[pri:0, instance:test.EolInstructionTest@60d8c9b7]" started-at="2026-06-23T11:37:15 IST" name="TC_EOL_033_verifyRepairabilityScoreNumeric" finished-at="2026-06-23T11:37:15 IST" duration-ms="249" status="PASS">
          <reporter-output>
          </reporter-output>
        </test-method> <!-- TC_EOL_033_verifyRepairabilityScoreNumeric -->
        <test-method is-config="true" signature="tearDown()[pri:0, instance:test.EolInstructionTest@60d8c9b7]" started-at="2026-06-23T11:37:15 IST" name="tearDown" finished-at="2026-06-23T11:37:17 IST" duration-ms="2520" status="PASS">
          <reporter-output>
          </reporter-output>
        </test-method> <!-- tearDown -->
        <test-method is-config="true" signature="setup()[pri:0, instance:test.EolInstructionTest@60d8c9b7]" started-at="2026-06-23T11:37:17 IST" name="setup" finished-at="2026-06-23T11:37:18 IST" duration-ms="984" status="PASS">
          <reporter-output>
          </reporter-output>
        </test-method> <!-- setup -->
        <test-method is-config="true" signature="openEolPage()[pri:0, instance:test.EolInstructionTest@60d8c9b7]" started-at="2026-06-23T11:37:18 IST" name="openEolPage" finished-at="2026-06-23T11:37:24 IST" duration-ms="5747" status="PASS">
          <reporter-output>
          </reporter-output>
        </test-method> <!-- openEolPage -->
        <test-method signature="TC_EOL_034_verifyDurabilityScoreNumeric()[pri:0, instance:test.EolInstructionTest@60d8c9b7]" started-at="2026-06-23T11:37:24 IST" name="TC_EOL_034_verifyDurabilityScoreNumeric" finished-at="2026-06-23T11:37:24 IST" duration-ms="392" status="PASS">
          <reporter-output>
          </reporter-output>
        </test-method> <!-- TC_EOL_034_verifyDurabilityScoreNumeric -->
        <test-method is-config="true" signature="tearDown()[pri:0, instance:test.EolInstructionTest@60d8c9b7]" started-at="2026-06-23T11:37:24 IST" name="tearDown" finished-at="2026-06-23T11:37:27 IST" duration-ms="2381" status="PASS">
          <reporter-output>
          </reporter-output>
        </test-method> <!-- tearDown -->
        <test-method is-config="true" signature="setup()[pri:0, instance:test.EolInstructionTest@60d8c9b7]" started-at="2026-06-23T11:37:27 IST" name="setup" finished-at="2026-06-23T11:37:28 IST" duration-ms="921" status="PASS">
          <reporter-output>
          </reporter-output>
        </test-method> <!-- setup -->
        <test-method is-config="true" signature="openEolPage()[pri:0, instance:test.EolInstructionTest@60d8c9b7]" started-at="2026-06-23T11:37:28 IST" name="openEolPage" finished-at="2026-06-23T11:37:34 IST" duration-ms="5876" status="PASS">
          <reporter-output>
          </reporter-output>
        </test-method> <!-- openEolPage -->
        <test-method signature="TC_EOL_035_verifySparePartDeliveryTimeNumeric()[pri:0, instance:test.EolInstructionTest@60d8c9b7]" started-at="2026-06-23T11:37:34 IST" name="TC_EOL_035_verifySparePartDeliveryTimeNumeric" finished-at="2026-06-23T11:37:34 IST" duration-ms="263" status="PASS">
          <reporter-output>
          </reporter-output>
        </test-method> <!-- TC_EOL_035_verifySparePartDeliveryTimeNumeric -->
        <test-method is-config="true" signature="tearDown()[pri:0, instance:test.EolInstructionTest@60d8c9b7]" started-at="2026-06-23T11:37:34 IST" name="tearDown" finished-at="2026-06-23T11:37:36 IST" duration-ms="2436" status="PASS">
          <reporter-output>
          </reporter-output>
        </test-method> <!-- tearDown -->
        <test-method is-config="true" signature="setup()[pri:0, instance:test.EolInstructionTest@60d8c9b7]" started-at="2026-06-23T11:37:36 IST" name="setup" finished-at="2026-06-23T11:37:37 IST" duration-ms="944" status="PASS">
          <reporter-output>
          </reporter-output>
        </test-method> <!-- setup -->
        <test-method is-config="true" signature="openEolPage()[pri:0, instance:test.EolInstructionTest@60d8c9b7]" started-at="2026-06-23T11:37:37 IST" name="openEolPage" finished-at="2026-06-23T11:37:43 IST" duration-ms="5889" status="PASS">
          <reporter-output>
          </reporter-output>
        </test-method> <!-- openEolPage -->
        <test-method signature="TC_EOL_036_verifyEaseOfNonDestructiveDisassemblyPercentage()[pri:0, instance:test.EolInstructionTest@60d8c9b7]" started-at="2026-06-23T11:37:43 IST" name="TC_EOL_036_verifyEaseOfNonDestructiveDisassemblyPercentage" finished-at="2026-06-23T11:37:43 IST" duration-ms="305" status="PASS">
          <reporter-output>
          </reporter-output>
        </test-method> <!-- TC_EOL_036_verifyEaseOfNonDestructiveDisassemblyPercentage -->
        <test-method is-config="true" signature="tearDown()[pri:0, instance:test.EolInstructionTest@60d8c9b7]" started-at="2026-06-23T11:37:43 IST" name="tearDown" finished-at="2026-06-23T11:37:46 IST" duration-ms="2397" status="PASS">
          <reporter-output>
          </reporter-output>
        </test-method> <!-- tearDown -->
      </class> <!-- test.EolInstructionTest -->
    </test> <!-- Surefire test -->
  </suite> <!-- Surefire suite -->
</testng-results>
