<?xml version="1.0" encoding="UTF-8"?>
<!-- Generated by org.testng.reporters.JUnitXMLReporter -->
<testsuite ignored="21" hostname="DESKTOP-NU8JOOU" failures="1" tests="15" name="Surefire test" time="369.237" errors="0" timestamp="2026-06-23T11:37:46 IST">
  <testcase classname="test.EolInstructionTest" name="TC_EOL_022_verifyOrganizationMandatoryValidation" time="30.255"/>
  <testcase classname="test.EolInstructionTest" name="TC_EOL_023_verifyPlantMandatoryValidation" time="31.747"/>
  <testcase classname="test.EolInstructionTest" name="TC_EOL_024_verifyRecyclabilityPercentageMandatory" time="33.485"/>
  <testcase classname="test.EolInstructionTest" name="TC_EOL_025_verifyRecyclabilityPercentageNumericValue" time="0.328"/>
  <testcase classname="test.EolInstructionTest" name="TC_EOL_026_verifyRecyclabilityPercentageRejectsAlphabets" time="0.163"/>
  <testcase classname="test.EolInstructionTest" name="TC_EOL_027_verifyRecyclabilityPercentageRejectsSpecialCharacters" time="0.307"/>
  <testcase classname="test.EolInstructionTest" name="TC_EOL_028_verifyRecyclabilityPercentageRejectsNegativeValue" time="66.44">
    <failure type="org.openqa.selenium.ElementClickInterceptedException" message="element click intercepted: Element &amp;lt;input data-slot=&amp;quot;input&amp;quot; class=&amp;quot;file:text-foreground placeholder:text-muted-foreground selection:bg-primary selection:text-primary-foreground dark:bg-input/30 border-input w-full min-w-0 rounded-md bg-transparent px-3 py-1 text-base transition-[color,box-shadow] outline-none file:inline-flex file:h-7 file:border-0 file:bg-transparent file:text-sm file:font-medium disabled:pointer-events-none disabled:cursor-not-allowed disabled:opacity-50 md:text-sm border-[2px] focus-visible:border-gray-400 focus-visible:ring-0 aria-invalid:ring-destructive/20 dark:aria-invalid:ring-destructive/40 aria-invalid:border-destructive h-[42px]&amp;quot; placeholder=&amp;quot;Enter Ease of Non-Destructive Disassembly(in %)&amp;quot; type=&amp;quot;number&amp;quot; value=&amp;quot;&amp;quot;&amp;gt; is not clickable at point (1368, 715). Other element would receive the click: &amp;lt;html lang=&amp;quot;en&amp;quot; data-app-theme=&amp;quot;default&amp;quot;&amp;gt;...&amp;lt;/html&amp;gt;
  (Session info: chrome=149.0.7827.103)
Build info: version: &amp;apos;4.20.0&amp;apos;, revision: &amp;apos;866c76ca80&amp;apos;
System info: os.name: &amp;apos;Windows 11&amp;apos;, os.arch: &amp;apos;amd64&amp;apos;, os.version: &amp;apos;10.0&amp;apos;, java.version: &amp;apos;17.0.12&amp;apos;
Driver info: org.openqa.selenium.chrome.ChromeDriver
Command: [ba880a955358169812cded11102444f8, clickElement {id=f.D462A58A09B89495E97DA14D4F34D08F.d.1D5695999E315907C01586A685087C63.e.139}]
Capabilities {acceptInsecureCerts: false, browserName: chrome, browserVersion: 149.0.7827.103, chrome: {chromedriverVersion: 149.0.7827.155 (07b52360cc1..., userDataDir: C:\Users\admin\AppData\Loca...}, fedcm:accounts: true, goog:chromeOptions: {debuggerAddress: localhost:54557}, goog:processID: 17420, networkConnectionEnabled: false, pageLoadStrategy: normal, platformName: windows, proxy: Proxy(manual, http=localhos..., se:cdp: ws://localhost:54557/devtoo..., se:cdpVersion: 149.0.7827.103, setWindowRect: true, strictFileInteractability: false, timeouts: {implicit: 0, pageLoad: 300000, script: 30000}, unhandledPromptBehavior: dismiss and notify, webauthn:extension:credBlob: true, webauthn:extension:largeBlob: true, webauthn:extension:minPinLength: true, webauthn:extension:prf: true, webauthn:virtualAuthenticators: true}
Element: [[ChromeDriver: chrome on windows (ba880a955358169812cded11102444f8)] -&amp;gt; xpath: //input[contains(@placeholder,&amp;apos;Enter Ease of Non-Destructive Disassembly&amp;apos;)]]
Session ID: ba880a955358169812cded11102444f8">
      <![CDATA[org.openqa.selenium.ElementClickInterceptedException: element click intercepted: Element <input data-slot="input" class="file:text-foreground placeholder:text-muted-foreground selection:bg-primary selection:text-primary-foreground dark:bg-input/30 border-input w-full min-w-0 rounded-md bg-transparent px-3 py-1 text-base transition-[color,box-shadow] outline-none file:inline-flex file:h-7 file:border-0 file:bg-transparent file:text-sm file:font-medium disabled:pointer-events-none disabled:cursor-not-allowed disabled:opacity-50 md:text-sm border-[2px] focus-visible:border-gray-400 focus-visible:ring-0 aria-invalid:ring-destructive/20 dark:aria-invalid:ring-destructive/40 aria-invalid:border-destructive h-[42px]" placeholder="Enter Ease of Non-Destructive Disassembly(in %)" type="number" value=""> is not clickable at point (1368, 715). Other element would receive the click: <html lang="en" data-app-theme="default">...</html>
  (Session info: chrome=149.0.7827.103)
Build info: version: '4.20.0', revision: '866c76ca80'
System info: os.name: 'Windows 11', os.arch: 'amd64', os.version: '10.0', java.version: '17.0.12'
Driver info: org.openqa.selenium.chrome.ChromeDriver
Command: [ba880a955358169812cded11102444f8, clickElement {id=f.D462A58A09B89495E97DA14D4F34D08F.d.1D5695999E315907C01586A685087C63.e.139}]
Capabilities {acceptInsecureCerts: false, browserName: chrome, browserVersion: 149.0.7827.103, chrome: {chromedriverVersion: 149.0.7827.155 (07b52360cc1..., userDataDir: C:\Users\admin\AppData\Loca...}, fedcm:accounts: true, goog:chromeOptions: {debuggerAddress: localhost:54557}, goog:processID: 17420, networkConnectionEnabled: false, pageLoadStrategy: normal, platformName: windows, proxy: Proxy(manual, http=localhos..., se:cdp: ws://localhost:54557/devtoo..., se:cdpVersion: 149.0.7827.103, setWindowRect: true, strictFileInteractability: false, timeouts: {implicit: 0, pageLoad: 300000, script: 30000}, unhandledPromptBehavior: dismiss and notify, webauthn:extension:credBlob: true, webauthn:extension:largeBlob: true, webauthn:extension:minPinLength: true, webauthn:extension:prf: true, webauthn:virtualAuthenticators: true}
Element: [[ChromeDriver: chrome on windows (ba880a955358169812cded11102444f8)] -> xpath: //input[contains(@placeholder,'Enter Ease of Non-Destructive Disassembly')]]
Session ID: ba880a955358169812cded11102444f8
at org.openqa.selenium.remote.ErrorCodec.decode(ErrorCodec.java:167)
at org.openqa.selenium.remote.codec.w3c.W3CHttpResponseCodec.decode(W3CHttpResponseCodec.java:138)
at org.openqa.selenium.remote.codec.w3c.W3CHttpResponseCodec.decode(W3CHttpResponseCodec.java:50)
at org.openqa.selenium.remote.HttpCommandExecutor.execute(HttpCommandExecutor.java:190)
at org.openqa.selenium.remote.service.DriverCommandExecutor.invokeExecute(DriverCommandExecutor.java:216)
at org.openqa.selenium.remote.service.DriverCommandExecutor.execute(DriverCommandExecutor.java:174)
at org.openqa.selenium.remote.RemoteWebDriver.execute(RemoteWebDriver.java:518)
at org.openqa.selenium.remote.RemoteWebElement.execute(RemoteWebElement.java:223)
at org.openqa.selenium.remote.RemoteWebElement.click(RemoteWebElement.java:76)
at pages.EolInstructionPage.enterText(EolInstructionPage.java:81)
at pages.EolInstructionPage.fillValidStepOneData(EolInstructionPage.java:370)
at test.EolInstructionTest.TC_EOL_028_verifyRecyclabilityPercentageRejectsNegativeValue(EolInstructionTest.java:330)
at java.base/java.util.ArrayList.forEach(ArrayList.java:1511)
... Removed 37 stack frames]]>
    </failure>
  </testcase> <!-- TC_EOL_028_verifyRecyclabilityPercentageRejectsNegativeValue -->
  <testcase classname="test.EolInstructionTest" name="TC_EOL_029_verifyRecyclabilityPercentageGreaterThan100" time="65.607"/>
  <testcase classname="test.EolInstructionTest" name="TC_EOL_030_verifyNumberOfDisassemblyProcessesNumeric" time="0.217"/>
  <testcase classname="test.EolInstructionTest" name="TC_EOL_031_verifyNumberOfDisassemblyProcessesRejectsAlphabets" time="0.203"/>
  <testcase classname="test.EolInstructionTest" name="TC_EOL_032_verifyNumberOfToolsRequiredNumeric" time="0.269"/>
  <testcase classname="test.EolInstructionTest" name="TC_EOL_033_verifyRepairabilityScoreNumeric" time="0.249"/>
  <testcase classname="test.EolInstructionTest" name="TC_EOL_034_verifyDurabilityScoreNumeric" time="0.392"/>
  <testcase classname="test.EolInstructionTest" name="TC_EOL_035_verifySparePartDeliveryTimeNumeric" time="0.263"/>
  <testcase classname="test.EolInstructionTest" name="TC_EOL_036_verifyEaseOfNonDestructiveDisassemblyPercentage" time="0.305"/>
  <testcase classname="test.EolInstructionTest" name="TC_EOL_009_verifyRecyclabilityPercentageField" time="0.0">
    <ignored/>
  </testcase> <!-- TC_EOL_009_verifyRecyclabilityPercentageField -->
  <testcase classname="test.EolInstructionTest" name="TC_EOL_015_verifyAbilityToReuseDropdown" time="0.0">
    <ignored/>
  </testcase> <!-- TC_EOL_015_verifyAbilityToReuseDropdown -->
  <testcase classname="test.EolInstructionTest" name="TC_EOL_005_verifyOrganizationDropdown" time="0.0">
    <ignored/>
  </testcase> <!-- TC_EOL_005_verifyOrganizationDropdown -->
  <testcase classname="test.EolInstructionTest" name="TC_EOL_020_verifyProductModularityDropdown" time="0.0">
    <ignored/>
  </testcase> <!-- TC_EOL_020_verifyProductModularityDropdown -->
  <testcase classname="test.EolInstructionTest" name="TC_EOL_006_verifyPlantDropdown" time="0.0">
    <ignored/>
  </testcase> <!-- TC_EOL_006_verifyPlantDropdown -->
  <testcase classname="test.EolInstructionTest" name="TC_EOL_018_verifyMicroplasticReleaseDropdown" time="0.0">
    <ignored/>
  </testcase> <!-- TC_EOL_018_verifyMicroplasticReleaseDropdown -->
  <testcase classname="test.EolInstructionTest" name="TC_EOL_010_verifyProductRecoveryFields" time="0.0">
    <ignored/>
  </testcase> <!-- TC_EOL_010_verifyProductRecoveryFields -->
  <testcase classname="test.EolInstructionTest" name="TC_EOL_008_verifyProductGtinNumberField" time="0.0">
    <ignored/>
  </testcase> <!-- TC_EOL_008_verifyProductGtinNumberField -->
  <testcase classname="test.EolInstructionTest" name="TC_EOL_016_verifyAbilityToRepairDropdown" time="0.0">
    <ignored/>
  </testcase> <!-- TC_EOL_016_verifyAbilityToRepairDropdown -->
  <testcase classname="test.EolInstructionTest" name="TC_EOL_019_verifyComplexityOfDisassemblyDropdown" time="0.0">
    <ignored/>
  </testcase> <!-- TC_EOL_019_verifyComplexityOfDisassemblyDropdown -->
  <testcase classname="test.EolInstructionTest" name="TC_EOL_007_verifyBatteryIdField" time="0.0">
    <ignored/>
  </testcase> <!-- TC_EOL_007_verifyBatteryIdField -->
  <testcase classname="test.EolInstructionTest" name="TC_EOL_004_verifyStepOneActiveByDefault" time="0.0">
    <ignored/>
  </testcase> <!-- TC_EOL_004_verifyStepOneActiveByDefault -->
  <testcase classname="test.EolInstructionTest" name="TC_EOL_002_verifyPageTitle" time="0.0">
    <ignored/>
  </testcase> <!-- TC_EOL_002_verifyPageTitle -->
  <testcase classname="test.EolInstructionTest" name="TC_EOL_012_verifyPlantDropdownDependsOnOrganization" time="0.0">
    <ignored/>
  </testcase> <!-- TC_EOL_012_verifyPlantDropdownDependsOnOrganization -->
  <testcase classname="test.EolInstructionTest" name="TC_EOL_017_verifyAbilityToRemanufactureDropdown" time="0.0">
    <ignored/>
  </testcase> <!-- TC_EOL_017_verifyAbilityToRemanufactureDropdown -->
  <testcase classname="test.EolInstructionTest" name="TC_EOL_013_verifyBatteryIdAutoFilled" time="0.0">
    <ignored/>
  </testcase> <!-- TC_EOL_013_verifyBatteryIdAutoFilled -->
  <testcase classname="test.EolInstructionTest" name="TC_EOL_021_verifyNextButtonFromStepOne" time="0.0">
    <ignored/>
  </testcase> <!-- TC_EOL_021_verifyNextButtonFromStepOne -->
  <testcase classname="test.EolInstructionTest" name="TC_EOL_011_verifyOrganizationDropdownValues" time="0.0">
    <ignored/>
  </testcase> <!-- TC_EOL_011_verifyOrganizationDropdownValues -->
  <testcase classname="test.EolInstructionTest" name="TC_EOL_003_verifyStepperVisibility" time="0.0">
    <ignored/>
  </testcase> <!-- TC_EOL_003_verifyStepperVisibility -->
  <testcase classname="test.EolInstructionTest" name="TC_EOL_001_verifyAddEolInstructionsPageOpens" time="0.0">
    <ignored/>
  </testcase> <!-- TC_EOL_001_verifyAddEolInstructionsPageOpens -->
  <testcase classname="test.EolInstructionTest" name="TC_EOL_014_verifyGtinNumberAutoFilled" time="0.0">
    <ignored/>
  </testcase> <!-- TC_EOL_014_verifyGtinNumberAutoFilled -->
</testsuite> <!-- Surefire test -->
